2026-06-19 18:14:20,186 - INFO - Test: Get one post
2026-06-19 18:14:44,348 - INFO - obteniendo todos los posts
2026-06-19 18:14:44,399 - INFO - Creando un nuevo post
2026-06-19 18:22:03,137 - INFO - Test: Get one post
2026-06-19 18:22:03,211 - INFO - obteniendo todos los posts
2026-06-19 18:22:04,313 - INFO - Creando un nuevo post
2026-06-19 18:24:30,691 - INFO - Test: Get one post
2026-06-19 18:24:33,767 - INFO - obteniendo todos los posts
2026-06-19 18:24:33,809 - INFO - Creando un nuevo post
2026-06-19 18:24:57,249 - INFO - Test: Get one post
2026-06-19 18:24:57,306 - INFO - obteniendo todos los posts
2026-06-19 18:24:58,370 - INFO - Creando un nuevo post
2026-06-19 18:31:41,180 - INFO - Test: Get one post
2026-06-19 18:31:42,297 - INFO - obteniendo todos los posts
2026-06-19 18:31:42,347 - INFO - Creando un nuevo post
2026-06-21 15:15:52,601 - INFO - Creando un nuevo post
2026-06-21 15:15:58,534 - INFO - Test: Get one post
2026-06-21 15:16:50,257 - INFO - Test: Get one user
2026-06-21 15:17:26,217 - INFO - Test: Get one user
2026-06-21 15:18:04,512 - INFO - Test: Get one user
2026-06-21 15:38:53,007 - INFO - Borrando user
2026-06-21 15:38:56,665 - INFO - Borrando user
2026-06-21 15:39:42,154 - INFO - Borrando user
2026-06-21 15:40:23,378 - INFO - Borrando user
2026-06-21 15:44:39,998 - INFO - Borrando user
2026-06-21 15:45:31,622 - INFO - Borrando user
2026-06-21 15:47:02,488 - INFO - Borrando user
2026-06-21 15:47:58,983 - INFO - Borrando user
2026-06-21 15:48:47,900 - INFO - Borrando user
2026-06-22 18:46:50,555 - INFO - Test: Get one post
2026-06-22 18:46:50,663 - INFO - obteniendo todos los posts
2026-06-22 18:47:12,774 - INFO - Creando un nuevo post
2026-06-22 18:47:59,655 - INFO - Test: Get one user
2026-06-22 18:48:00,730 - INFO - Creando un nuevo post
2026-06-22 18:48:00,924 - INFO - Borrando user
2026-06-22 18:50:18,695 - INFO - Test: Get one post
2026-06-22 18:50:18,757 - INFO - obteniendo todos los posts
2026-06-22 18:51:00,963 - INFO - Creando un nuevo post
